2017-10-23 11:13:05,887 [Worker-10] INFO  c.g.t.t.d.PublishedGradleVersions - Gradle version information cache is up-to-date. Trying to read.
2017-10-23 11:20:12,914 [Worker-52] INFO  o.e.m.c.i.e.AbstractTransferListenerAdapter - Downloading https://repo.maven.apache.org/maven2/org/eclipse/tycho/tycho-maven-plugin/1.0.0/tycho-maven-plugin-1.0.0.pom
2017-10-23 11:20:12,969 [Worker-52] INFO  o.e.m.c.i.e.AbstractTransferListenerAdapter - Downloaded https://repo.maven.apache.org/maven2/org/eclipse/tycho/tycho-maven-plugin/1.0.0/tycho-maven-plugin-1.0.0.pom
2017-10-23 11:20:13,201 [Worker-52] INFO  o.e.m.c.i.e.AbstractTransferListenerAdapter - Downloading https://repo.maven.apache.org/maven2/org/eclipse/tycho/tycho/1.0.0/tycho-1.0.0.pom
2017-10-23 11:20:13,269 [Worker-52] INFO  o.e.m.c.i.e.AbstractTransferListenerAdapter - Downloaded https://repo.maven.apache.org/maven2/org/eclipse/tycho/tycho/1.0.0/tycho-1.0.0.pom
2017-10-23 11:20:13,362 [Worker-52] INFO  o.e.m.c.i.e.AbstractTransferListenerAdapter - Downloading https://repo.maven.apache.org/maven2/org/eclipse/tycho/tycho-core/1.0.0/tycho-core-1.0.0.pom
2017-10-23 11:20:13,408 [Worker-52] INFO  o.e.m.c.i.e.AbstractTransferListenerAdapter - Downloaded https://repo.maven.apache.org/maven2/org/eclipse/tycho/tycho-core/1.0.0/tycho-core-1.0.0.pom
2017-10-23 11:20:13,578 [Worker-52] INFO  o.e.m.c.i.e.AbstractTransferListenerAdapter - Downloading https://repo.maven.apache.org/maven2/org/codehaus/plexus/plexus-utils/3.0.7/plexus-utils-3.0.7.pom
2017-10-23 11:20:13,621 [Worker-52] INFO  o.e.m.c.i.e.AbstractTransferListenerAdapter - Downloaded https://repo.maven.apache.org/maven2/org/codehaus/plexus/plexus-utils/3.0.7/plexus-utils-3.0.7.pom
2017-10-23 11:20:13,948 [Worker-52] INFO  o.e.m.c.i.e.AbstractTransferListenerAdapter - Downloading https://repo.maven.apache.org/maven2/org/sonatype/plexus/plexus-cipher/1.7/plexus-cipher-1.7.pom
2017-10-23 11:20:13,992 [Worker-52] INFO  o.e.m.c.i.e.AbstractTransferListenerAdapter - Downloaded https://repo.maven.apache.org/maven2/org/sonatype/plexus/plexus-cipher/1.7/plexus-cipher-1.7.pom
2017-10-23 11:20:14,051 [Worker-52] INFO  o.e.m.c.i.e.AbstractTransferListenerAdapter - Downloading https://repo.maven.apache.org/maven2/org/sonatype/spice/spice-parent/15/spice-parent-15.pom
2017-10-23 11:20:14,104 [Worker-52] INFO  o.e.m.c.i.e.AbstractTransferListenerAdapter - Downloaded https://repo.maven.apache.org/maven2/org/sonatype/spice/spice-parent/15/spice-parent-15.pom
2017-10-23 11:20:14,467 [Worker-52] INFO  o.e.m.c.i.e.AbstractTransferListenerAdapter - Downloading https://repo.maven.apache.org/maven2/org/codehaus/plexus/plexus-archiver/2.9.1/plexus-archiver-2.9.1.pom
2017-10-23 11:20:14,530 [Worker-52] INFO  o.e.m.c.i.e.AbstractTransferListenerAdapter - Downloaded https://repo.maven.apache.org/maven2/org/codehaus/plexus/plexus-archiver/2.9.1/plexus-archiver-2.9.1.pom
2017-10-23 11:20:14,598 [Worker-52] INFO  o.e.m.c.i.e.AbstractTransferListenerAdapter - Downloading https://repo.maven.apache.org/maven2/org/codehaus/plexus/plexus-io/2.4.1/plexus-io-2.4.1.pom
2017-10-23 11:20:14,654 [Worker-52] INFO  o.e.m.c.i.e.AbstractTransferListenerAdapter - Downloaded https://repo.maven.apache.org/maven2/org/codehaus/plexus/plexus-io/2.4.1/plexus-io-2.4.1.pom
2017-10-23 11:20:14,877 [Worker-52] INFO  o.e.m.c.i.e.AbstractTransferListenerAdapter - Downloading https://repo.maven.apache.org/maven2/org/eclipse/tycho/org.eclipse.osgi.compatibility.state/1.0.200.v20160504-1419/org.eclipse.osgi.compatibility.state-1.0.200.v20160504-1419.pom
2017-10-23 11:20:14,923 [Worker-52] INFO  o.e.m.c.i.e.AbstractTransferListenerAdapter - Downloaded https://repo.maven.apache.org/maven2/org/eclipse/tycho/org.eclipse.osgi.compatibility.state/1.0.200.v20160504-1419/org.eclipse.osgi.compatibility.state-1.0.200.v20160504-1419.pom
2017-10-23 11:20:14,968 [Worker-52] INFO  o.e.m.c.i.e.AbstractTransferListenerAdapter - Downloading https://repo.maven.apache.org/maven2/org/eclipse/tycho/sisu-equinox-embedder/1.0.0/sisu-equinox-embedder-1.0.0.pom
2017-10-23 11:20:15,014 [Worker-52] INFO  o.e.m.c.i.e.AbstractTransferListenerAdapter - Downloaded https://repo.maven.apache.org/maven2/org/eclipse/tycho/sisu-equinox-embedder/1.0.0/sisu-equinox-embedder-1.0.0.pom
2017-10-23 11:20:15,069 [Worker-52] INFO  o.e.m.c.i.e.AbstractTransferListenerAdapter - Downloading https://repo.maven.apache.org/maven2/org/eclipse/tycho/sisu-equinox/1.0.0/sisu-equinox-1.0.0.pom
2017-10-23 11:20:15,114 [Worker-52] INFO  o.e.m.c.i.e.AbstractTransferListenerAdapter - Downloaded https://repo.maven.apache.org/maven2/org/eclipse/tycho/sisu-equinox/1.0.0/sisu-equinox-1.0.0.pom
2017-10-23 11:20:15,175 [Worker-52] INFO  o.e.m.c.i.e.AbstractTransferListenerAdapter - Downloading https://repo.maven.apache.org/maven2/org/eclipse/tycho/org.eclipse.osgi/3.11.2.v20161107-1947/org.eclipse.osgi-3.11.2.v20161107-1947.pom
2017-10-23 11:20:15,222 [Worker-52] INFO  o.e.m.c.i.e.AbstractTransferListenerAdapter - Downloaded https://repo.maven.apache.org/maven2/org/eclipse/tycho/org.eclipse.osgi/3.11.2.v20161107-1947/org.eclipse.osgi-3.11.2.v20161107-1947.pom
2017-10-23 11:20:15,802 [Worker-52] INFO  o.e.m.c.i.e.AbstractTransferListenerAdapter - Downloading https://repo.maven.apache.org/maven2/org/eclipse/tycho/sisu-equinox-api/1.0.0/sisu-equinox-api-1.0.0.pom
2017-10-23 11:20:15,852 [Worker-52] INFO  o.e.m.c.i.e.AbstractTransferListenerAdapter - Downloaded https://repo.maven.apache.org/maven2/org/eclipse/tycho/sisu-equinox-api/1.0.0/sisu-equinox-api-1.0.0.pom
2017-10-23 11:20:15,929 [Worker-52] INFO  o.e.m.c.i.e.AbstractTransferListenerAdapter - Downloading https://repo.maven.apache.org/maven2/org/eclipse/tycho/tycho-metadata-model/1.0.0/tycho-metadata-model-1.0.0.pom
2017-10-23 11:20:15,977 [Worker-52] INFO  o.e.m.c.i.e.AbstractTransferListenerAdapter - Downloaded https://repo.maven.apache.org/maven2/org/eclipse/tycho/tycho-metadata-model/1.0.0/tycho-metadata-model-1.0.0.pom
2017-10-23 11:20:16,038 [Worker-52] INFO  o.e.m.c.i.e.AbstractTransferListenerAdapter - Downloading https://repo.maven.apache.org/maven2/de/pdark/decentxml/1.3/decentxml-1.3.pom
2017-10-23 11:20:16,082 [Worker-52] INFO  o.e.m.c.i.e.AbstractTransferListenerAdapter - Downloaded https://repo.maven.apache.org/maven2/de/pdark/decentxml/1.3/decentxml-1.3.pom
2017-10-23 11:20:16,148 [Worker-52] INFO  o.e.m.c.i.e.AbstractTransferListenerAdapter - Downloading https://repo.maven.apache.org/maven2/org/eclipse/tycho/tycho-embedder-api/1.0.0/tycho-embedder-api-1.0.0.pom
2017-10-23 11:20:16,199 [Worker-52] INFO  o.e.m.c.i.e.AbstractTransferListenerAdapter - Downloaded https://repo.maven.apache.org/maven2/org/eclipse/tycho/tycho-embedder-api/1.0.0/tycho-embedder-api-1.0.0.pom
2017-10-23 11:20:16,256 [Worker-52] INFO  o.e.m.c.i.e.AbstractTransferListenerAdapter - Downloading https://repo.maven.apache.org/maven2/org/eclipse/tycho/org.eclipse.tycho.embedder.shared/1.0.0/org.eclipse.tycho.embedder.shared-1.0.0.pom
2017-10-23 11:20:16,301 [Worker-52] INFO  o.e.m.c.i.e.AbstractTransferListenerAdapter - Downloaded https://repo.maven.apache.org/maven2/org/eclipse/tycho/org.eclipse.tycho.embedder.shared/1.0.0/org.eclipse.tycho.embedder.shared-1.0.0.pom
2017-10-23 11:20:16,365 [Worker-52] INFO  o.e.m.c.i.e.AbstractTransferListenerAdapter - Downloading https://repo.maven.apache.org/maven2/org/eclipse/tycho/tycho-bundles/1.0.0/tycho-bundles-1.0.0.pom
2017-10-23 11:20:16,409 [Worker-52] INFO  o.e.m.c.i.e.AbstractTransferListenerAdapter - Downloaded https://repo.maven.apache.org/maven2/org/eclipse/tycho/tycho-bundles/1.0.0/tycho-bundles-1.0.0.pom
2017-10-23 11:20:16,474 [Worker-52] INFO  o.e.m.c.i.e.AbstractTransferListenerAdapter - Downloading https://repo.maven.apache.org/maven2/org/eclipse/tycho/org.eclipse.tycho.core.shared/1.0.0/org.eclipse.tycho.core.shared-1.0.0.pom
2017-10-23 11:20:16,519 [Worker-52] INFO  o.e.m.c.i.e.AbstractTransferListenerAdapter - Downloaded https://repo.maven.apache.org/maven2/org/eclipse/tycho/org.eclipse.tycho.core.shared/1.0.0/org.eclipse.tycho.core.shared-1.0.0.pom
2017-10-23 11:20:16,575 [Worker-52] INFO  o.e.m.c.i.e.AbstractTransferListenerAdapter - Downloading https://repo.maven.apache.org/maven2/org/apache/maven/maven-compat/3.0/maven-compat-3.0.pom
2017-10-23 11:20:16,666 [Worker-52] INFO  o.e.m.c.i.e.AbstractTransferListenerAdapter - Downloaded https://repo.maven.apache.org/maven2/org/apache/maven/maven-compat/3.0/maven-compat-3.0.pom
2017-10-23 11:20:16,865 [Worker-52] INFO  o.e.m.c.i.e.AbstractTransferListenerAdapter - Downloading https://repo.maven.apache.org/maven2/org/apache/maven/wagon/wagon-provider-api/1.0-beta-6/wagon-provider-api-1.0-beta-6.pom
2017-10-23 11:20:16,994 [Worker-52] INFO  o.e.m.c.i.e.AbstractTransferListenerAdapter - Downloaded https://repo.maven.apache.org/maven2/org/apache/maven/wagon/wagon-provider-api/1.0-beta-6/wagon-provider-api-1.0-beta-6.pom
2017-10-23 11:20:17,102 [Worker-52] INFO  o.e.m.c.i.e.AbstractTransferListenerAdapter - Downloading https://repo.maven.apache.org/maven2/org/apache/maven/wagon/wagon/1.0-beta-6/wagon-1.0-beta-6.pom
2017-10-23 11:20:17,212 [Worker-52] INFO  o.e.m.c.i.e.AbstractTransferListenerAdapter - Downloaded https://repo.maven.apache.org/maven2/org/apache/maven/wagon/wagon/1.0-beta-6/wagon-1.0-beta-6.pom
2017-10-23 11:20:17,412 [Worker-52] INFO  o.e.m.c.i.e.AbstractTransferListenerAdapter - Downloading https://repo.maven.apache.org/maven2/org/eclipse/tycho/tycho-p2-facade/1.0.0/tycho-p2-facade-1.0.0.pom
2017-10-23 11:20:17,489 [Worker-52] INFO  o.e.m.c.i.e.AbstractTransferListenerAdapter - Downloaded https://repo.maven.apache.org/maven2/org/eclipse/tycho/tycho-p2-facade/1.0.0/tycho-p2-facade-1.0.0.pom
2017-10-23 11:20:17,606 [Worker-52] INFO  o.e.m.c.i.e.AbstractTransferListenerAdapter - Downloading https://repo.maven.apache.org/maven2/org/eclipse/tycho/tycho-p2/1.0.0/tycho-p2-1.0.0.pom
2017-10-23 11:20:17,882 [Worker-52] INFO  o.e.m.c.i.e.AbstractTransferListenerAdapter - Downloaded https://repo.maven.apache.org/maven2/org/eclipse/tycho/tycho-p2/1.0.0/tycho-p2-1.0.0.pom
2017-10-23 11:20:18,075 [Worker-52] INFO  o.e.m.c.i.e.AbstractTransferListenerAdapter - Downloading https://repo.maven.apache.org/maven2/org/eclipse/tycho/org.eclipse.tycho.p2.resolver.shared/1.0.0/org.eclipse.tycho.p2.resolver.shared-1.0.0.pom
2017-10-23 11:20:18,162 [Worker-52] INFO  o.e.m.c.i.e.AbstractTransferListenerAdapter - Downloaded https://repo.maven.apache.org/maven2/org/eclipse/tycho/org.eclipse.tycho.p2.resolver.shared/1.0.0/org.eclipse.tycho.p2.resolver.shared-1.0.0.pom
2017-10-23 11:20:18,349 [Worker-52] INFO  o.e.m.c.i.e.AbstractTransferListenerAdapter - Downloading https://repo.maven.apache.org/maven2/org/eclipse/tycho/org.eclipse.tycho.p2.tools.shared/1.0.0/org.eclipse.tycho.p2.tools.shared-1.0.0.pom
2017-10-23 11:20:18,430 [Worker-52] INFO  o.e.m.c.i.e.AbstractTransferListenerAdapter - Downloaded https://repo.maven.apache.org/maven2/org/eclipse/tycho/org.eclipse.tycho.p2.tools.shared/1.0.0/org.eclipse.tycho.p2.tools.shared-1.0.0.pom
2017-10-23 11:20:18,947 [Worker-52] INFO  o.e.m.c.i.e.AbstractTransferListenerAdapter - Downloading https://repo.maven.apache.org/maven2/org/eclipse/tycho/tycho-maven-plugin/1.0.0/tycho-maven-plugin-1.0.0.jar
2017-10-23 11:20:19,034 [Worker-52] INFO  o.e.m.c.i.e.AbstractTransferListenerAdapter - Downloaded https://repo.maven.apache.org/maven2/org/eclipse/tycho/tycho-maven-plugin/1.0.0/tycho-maven-plugin-1.0.0.jar
2017-10-23 11:20:19,063 [Worker-52] INFO  o.e.m.c.i.e.AbstractTransferListenerAdapter - Downloading https://repo.maven.apache.org/maven2/org/eclipse/tycho/tycho-core/1.0.0/tycho-core-1.0.0.jar
2017-10-23 11:20:19,300 [Worker-52] INFO  o.e.m.c.i.e.AbstractTransferListenerAdapter - Downloaded https://repo.maven.apache.org/maven2/org/eclipse/tycho/tycho-core/1.0.0/tycho-core-1.0.0.jar
2017-10-23 11:20:19,339 [Worker-52] INFO  o.e.m.c.i.e.AbstractTransferListenerAdapter - Downloading https://repo.maven.apache.org/maven2/org/sonatype/plexus/plexus-cipher/1.7/plexus-cipher-1.7.jar
2017-10-23 11:20:19,417 [Worker-52] INFO  o.e.m.c.i.e.AbstractTransferListenerAdapter - Downloaded https://repo.maven.apache.org/maven2/org/sonatype/plexus/plexus-cipher/1.7/plexus-cipher-1.7.jar
2017-10-23 11:20:19,450 [Worker-52] INFO  o.e.m.c.i.e.AbstractTransferListenerAdapter - Downloading https://repo.maven.apache.org/maven2/org/codehaus/plexus/plexus-utils/3.0.7/plexus-utils-3.0.7.jar
2017-10-23 11:20:19,719 [Worker-52] INFO  o.e.m.c.i.e.AbstractTransferListenerAdapter - Downloaded https://repo.maven.apache.org/maven2/org/codehaus/plexus/plexus-utils/3.0.7/plexus-utils-3.0.7.jar
2017-10-23 11:20:19,751 [Worker-52] INFO  o.e.m.c.i.e.AbstractTransferListenerAdapter - Downloading https://repo.maven.apache.org/maven2/org/codehaus/plexus/plexus-archiver/2.9.1/plexus-archiver-2.9.1.jar
2017-10-23 11:20:19,853 [Worker-52] INFO  o.e.m.c.i.e.AbstractTransferListenerAdapter - Downloaded https://repo.maven.apache.org/maven2/org/codehaus/plexus/plexus-archiver/2.9.1/plexus-archiver-2.9.1.jar
2017-10-23 11:20:19,885 [Worker-52] INFO  o.e.m.c.i.e.AbstractTransferListenerAdapter - Downloading https://repo.maven.apache.org/maven2/org/codehaus/plexus/plexus-io/2.4.1/plexus-io-2.4.1.jar
2017-10-23 11:20:19,975 [Worker-52] INFO  o.e.m.c.i.e.AbstractTransferListenerAdapter - Downloaded https://repo.maven.apache.org/maven2/org/codehaus/plexus/plexus-io/2.4.1/plexus-io-2.4.1.jar
2017-10-23 11:20:20,007 [Worker-52] INFO  o.e.m.c.i.e.AbstractTransferListenerAdapter - Downloading https://repo.maven.apache.org/maven2/org/eclipse/tycho/org.eclipse.osgi.compatibility.state/1.0.200.v20160504-1419/org.eclipse.osgi.compatibility.state-1.0.200.v20160504-1419.jar
2017-10-23 11:20:20,151 [Worker-52] INFO  o.e.m.c.i.e.AbstractTransferListenerAdapter - Downloaded https://repo.maven.apache.org/maven2/org/eclipse/tycho/org.eclipse.osgi.compatibility.state/1.0.200.v20160504-1419/org.eclipse.osgi.compatibility.state-1.0.200.v20160504-1419.jar
2017-10-23 11:20:20,180 [Worker-52] INFO  o.e.m.c.i.e.AbstractTransferListenerAdapter - Downloading https://repo.maven.apache.org/maven2/org/eclipse/tycho/sisu-equinox-embedder/1.0.0/sisu-equinox-embedder-1.0.0.jar
2017-10-23 11:20:20,252 [Worker-52] INFO  o.e.m.c.i.e.AbstractTransferListenerAdapter - Downloaded https://repo.maven.apache.org/maven2/org/eclipse/tycho/sisu-equinox-embedder/1.0.0/sisu-equinox-embedder-1.0.0.jar
2017-10-23 11:20:20,285 [Worker-52] INFO  o.e.m.c.i.e.AbstractTransferListenerAdapter - Downloading https://repo.maven.apache.org/maven2/org/eclipse/tycho/org.eclipse.osgi/3.11.2.v20161107-1947/org.eclipse.osgi-3.11.2.v20161107-1947.jar
2017-10-23 11:20:20,815 [Worker-52] INFO  o.e.m.c.i.e.AbstractTransferListenerAdapter - Downloaded https://repo.maven.apache.org/maven2/org/eclipse/tycho/org.eclipse.osgi/3.11.2.v20161107-1947/org.eclipse.osgi-3.11.2.v20161107-1947.jar
2017-10-23 11:20:20,842 [Worker-52] INFO  o.e.m.c.i.e.AbstractTransferListenerAdapter - Downloading https://repo.maven.apache.org/maven2/org/eclipse/tycho/sisu-equinox-api/1.0.0/sisu-equinox-api-1.0.0.jar
2017-10-23 11:20:20,920 [Worker-52] INFO  o.e.m.c.i.e.AbstractTransferListenerAdapter - Downloaded https://repo.maven.apache.org/maven2/org/eclipse/tycho/sisu-equinox-api/1.0.0/sisu-equinox-api-1.0.0.jar
2017-10-23 11:20:20,947 [Worker-52] INFO  o.e.m.c.i.e.AbstractTransferListenerAdapter - Downloading https://repo.maven.apache.org/maven2/org/eclipse/tycho/tycho-metadata-model/1.0.0/tycho-metadata-model-1.0.0.jar
2017-10-23 11:20:21,019 [Worker-52] INFO  o.e.m.c.i.e.AbstractTransferListenerAdapter - Downloaded https://repo.maven.apache.org/maven2/org/eclipse/tycho/tycho-metadata-model/1.0.0/tycho-metadata-model-1.0.0.jar
2017-10-23 11:20:21,047 [Worker-52] INFO  o.e.m.c.i.e.AbstractTransferListenerAdapter - Downloading https://repo.maven.apache.org/maven2/de/pdark/decentxml/1.3/decentxml-1.3.jar
2017-10-23 11:20:21,134 [Worker-52] INFO  o.e.m.c.i.e.AbstractTransferListenerAdapter - Downloaded https://repo.maven.apache.org/maven2/de/pdark/decentxml/1.3/decentxml-1.3.jar
2017-10-23 11:20:21,166 [Worker-52] INFO  o.e.m.c.i.e.AbstractTransferListenerAdapter - Downloading https://repo.maven.apache.org/maven2/org/eclipse/tycho/tycho-embedder-api/1.0.0/tycho-embedder-api-1.0.0.jar
2017-10-23 11:20:21,219 [Worker-52] INFO  o.e.m.c.i.e.AbstractTransferListenerAdapter - Downloaded https://repo.maven.apache.org/maven2/org/eclipse/tycho/tycho-embedder-api/1.0.0/tycho-embedder-api-1.0.0.jar
2017-10-23 11:20:21,246 [Worker-52] INFO  o.e.m.c.i.e.AbstractTransferListenerAdapter - Downloading https://repo.maven.apache.org/maven2/org/eclipse/tycho/org.eclipse.tycho.embedder.shared/1.0.0/org.eclipse.tycho.embedder.shared-1.0.0.jar
2017-10-23 11:20:21,316 [Worker-52] INFO  o.e.m.c.i.e.AbstractTransferListenerAdapter - Downloaded https://repo.maven.apache.org/maven2/org/eclipse/tycho/org.eclipse.tycho.embedder.shared/1.0.0/org.eclipse.tycho.embedder.shared-1.0.0.jar
2017-10-23 11:20:21,342 [Worker-52] INFO  o.e.m.c.i.e.AbstractTransferListenerAdapter - Downloading https://repo.maven.apache.org/maven2/org/eclipse/tycho/org.eclipse.tycho.core.shared/1.0.0/org.eclipse.tycho.core.shared-1.0.0.jar
2017-10-23 11:20:21,419 [Worker-52] INFO  o.e.m.c.i.e.AbstractTransferListenerAdapter - Downloaded https://repo.maven.apache.org/maven2/org/eclipse/tycho/org.eclipse.tycho.core.shared/1.0.0/org.eclipse.tycho.core.shared-1.0.0.jar
2017-10-23 11:20:21,447 [Worker-52] INFO  o.e.m.c.i.e.AbstractTransferListenerAdapter - Downloading https://repo.maven.apache.org/maven2/org/apache/maven/maven-compat/3.0/maven-compat-3.0.jar
2017-10-23 11:20:21,677 [Worker-52] INFO  o.e.m.c.i.e.AbstractTransferListenerAdapter - Downloaded https://repo.maven.apache.org/maven2/org/apache/maven/maven-compat/3.0/maven-compat-3.0.jar
2017-10-23 11:20:21,702 [Worker-52] INFO  o.e.m.c.i.e.AbstractTransferListenerAdapter - Downloading https://repo.maven.apache.org/maven2/org/apache/maven/wagon/wagon-provider-api/1.0-beta-6/wagon-provider-api-1.0-beta-6.jar
2017-10-23 11:20:21,772 [Worker-52] INFO  o.e.m.c.i.e.AbstractTransferListenerAdapter - Downloaded https://repo.maven.apache.org/maven2/org/apache/maven/wagon/wagon-provider-api/1.0-beta-6/wagon-provider-api-1.0-beta-6.jar
2017-10-23 11:20:21,801 [Worker-52] INFO  o.e.m.c.i.e.AbstractTransferListenerAdapter - Downloading https://repo.maven.apache.org/maven2/org/eclipse/tycho/tycho-p2-facade/1.0.0/tycho-p2-facade-1.0.0.jar
2017-10-23 11:20:21,856 [Worker-52] INFO  o.e.m.c.i.e.AbstractTransferListenerAdapter - Downloaded https://repo.maven.apache.org/maven2/org/eclipse/tycho/tycho-p2-facade/1.0.0/tycho-p2-facade-1.0.0.jar
2017-10-23 11:20:21,884 [Worker-52] INFO  o.e.m.c.i.e.AbstractTransferListenerAdapter - Downloading https://repo.maven.apache.org/maven2/org/eclipse/tycho/org.eclipse.tycho.p2.resolver.shared/1.0.0/org.eclipse.tycho.p2.resolver.shared-1.0.0.jar
2017-10-23 11:20:21,946 [Worker-52] INFO  o.e.m.c.i.e.AbstractTransferListenerAdapter - Downloaded https://repo.maven.apache.org/maven2/org/eclipse/tycho/org.eclipse.tycho.p2.resolver.shared/1.0.0/org.eclipse.tycho.p2.resolver.shared-1.0.0.jar
2017-10-23 11:20:21,974 [Worker-52] INFO  o.e.m.c.i.e.AbstractTransferListenerAdapter - Downloading https://repo.maven.apache.org/maven2/org/eclipse/tycho/org.eclipse.tycho.p2.tools.shared/1.0.0/org.eclipse.tycho.p2.tools.shared-1.0.0.jar
2017-10-23 11:20:22,030 [Worker-52] INFO  o.e.m.c.i.e.AbstractTransferListenerAdapter - Downloaded https://repo.maven.apache.org/maven2/org/eclipse/tycho/org.eclipse.tycho.p2.tools.shared/1.0.0/org.eclipse.tycho.p2.tools.shared-1.0.0.jar
2017-10-23 11:20:28,153 [Worker-52] INFO  o.e.m.c.i.l.LifecycleMappingFactory - Using NULL lifecycle mapping for MavenProject: org.xtext.example.mydsl:org.xtext.example.mydsl.parent:1.0.0-SNAPSHOT @ C:\Users\sritika\Documents\Research Project\Development\OntologyWeb\org.xtext.example.mydsl.parent\pom.xml.
2017-10-23 11:25:42,450 [Worker-52] INFO  o.e.m.c.i.e.AbstractTransferListenerAdapter - Downloading https://repo.maven.apache.org/maven2/org/eclipse/xtend/xtend-maven-plugin/2.12.0/xtend-maven-plugin-2.12.0.pom
2017-10-23 11:25:43,047 [Worker-52] INFO  o.e.m.c.i.e.AbstractTransferListenerAdapter - Downloaded https://repo.maven.apache.org/maven2/org/eclipse/xtend/xtend-maven-plugin/2.12.0/xtend-maven-plugin-2.12.0.pom
2017-10-23 11:25:43,796 [Worker-52] INFO  o.e.m.c.i.e.AbstractTransferListenerAdapter - Downloading https://repo.maven.apache.org/maven2/org/eclipse/xtend/org.eclipse.xtend.maven.parent/2.12.0/org.eclipse.xtend.maven.parent-2.12.0.pom
2017-10-23 11:25:43,861 [Worker-52] INFO  o.e.m.c.i.e.AbstractTransferListenerAdapter - Downloaded https://repo.maven.apache.org/maven2/org/eclipse/xtend/org.eclipse.xtend.maven.parent/2.12.0/org.eclipse.xtend.maven.parent-2.12.0.pom
2017-10-23 11:25:43,966 [Worker-52] INFO  o.e.m.c.i.e.AbstractTransferListenerAdapter - Downloading https://repo.maven.apache.org/maven2/org/eclipse/xtend/xtend-maven-plugin/2.12.0/xtend-maven-plugin-2.12.0.jar
2017-10-23 11:25:44,057 [Worker-52] INFO  o.e.m.c.i.e.AbstractTransferListenerAdapter - Downloaded https://repo.maven.apache.org/maven2/org/eclipse/xtend/xtend-maven-plugin/2.12.0/xtend-maven-plugin-2.12.0.jar
2017-10-23 11:25:45,008 [Worker-52] INFO  o.e.m.c.i.e.AbstractTransferListenerAdapter - Downloading https://repo.maven.apache.org/maven2/org/eclipse/tycho/tycho-packaging-plugin/1.0.0/tycho-packaging-plugin-1.0.0.jar
2017-10-23 11:25:45,109 [Worker-52] INFO  o.e.m.c.i.e.AbstractTransferListenerAdapter - Downloaded https://repo.maven.apache.org/maven2/org/eclipse/tycho/tycho-packaging-plugin/1.0.0/tycho-packaging-plugin-1.0.0.jar
2017-10-23 11:25:45,690 [Worker-52] INFO  o.e.m.c.i.e.AbstractTransferListenerAdapter - Downloading https://repo.maven.apache.org/maven2/org/codehaus/mojo/exec-maven-plugin/1.4.0/exec-maven-plugin-1.4.0.jar
2017-10-23 11:25:45,757 [Worker-52] INFO  o.e.m.c.i.e.AbstractTransferListenerAdapter - Downloaded https://repo.maven.apache.org/maven2/org/codehaus/mojo/exec-maven-plugin/1.4.0/exec-maven-plugin-1.4.0.jar
2017-10-23 11:30:56,719 [Worker-52] INFO  o.e.m.c.i.e.AbstractTransferListenerAdapter - Downloading https://repo.maven.apache.org/maven2/org/apache/maven/plugins/maven-resources-plugin/2.4.3/maven-resources-plugin-2.4.3.jar
2017-10-23 11:31:47,126 [Worker-52] INFO  o.e.m.c.i.e.AbstractTransferListenerAdapter - Downloaded https://repo.maven.apache.org/maven2/org/apache/maven/plugins/maven-resources-plugin/2.4.3/maven-resources-plugin-2.4.3.jar
2017-10-23 11:33:59,716 [Worker-52] INFO  o.e.m.c.i.e.AbstractTransferListenerAdapter - Downloaded https://repo.maven.apache.org/maven2/org/eclipse/tycho/tycho-compiler-plugin/1.0.0/tycho-compiler-plugin-1.0.0.jar
2017-10-23 11:33:59,792 [Worker-52] INFO  o.e.m.c.i.e.AbstractTransferListenerAdapter - Downloaded https://repo.maven.apache.org/maven2/org/eclipse/tycho/target-platform-configuration/1.0.0/target-platform-configuration-1.0.0.jar
2017-10-23 11:33:59,854 [Worker-52] INFO  o.e.m.c.i.e.AbstractTransferListenerAdapter - Downloaded https://repo.maven.apache.org/maven2/org/eclipse/tycho/tycho-p2-plugin/1.0.0/tycho-p2-plugin-1.0.0.jar
2017-10-23 11:33:59,875 [Worker-52] INFO  o.e.m.c.i.e.AbstractTransferListenerAdapter - Downloaded https://repo.maven.apache.org/maven2/org/apache/maven/plugins/maven-install-plugin/2.3.1/maven-install-plugin-2.3.1.jar
2017-10-23 11:33:59,905 [Worker-52] INFO  o.e.m.c.i.e.AbstractTransferListenerAdapter - Downloaded https://repo.maven.apache.org/maven2/org/apache/maven/plugins/maven-deploy-plugin/2.5/maven-deploy-plugin-2.5.jar
2017-10-23 11:34:00,066 [Worker-52] INFO  o.e.m.c.i.l.LifecycleMappingFactory - Using DEFAULT lifecycle mapping for MavenProject: org.xtext.example.mydsl:org.xtext.example.mydsl:1.0.0-SNAPSHOT @ C:\Users\sritika\Documents\Research Project\Development\OntologyWeb\org.xtext.example.mydsl.parent\org.xtext.example.mydsl\pom.xml.
2017-10-23 11:34:21,124 [Worker-52] INFO  o.e.m.c.i.l.LifecycleMappingFactory - Using DEFAULT lifecycle mapping for MavenProject: org.xtext.example.mydsl:org.xtext.example.mydsl.ide:1.0.0-SNAPSHOT @ C:\Users\sritika\Documents\Research Project\Development\OntologyWeb\org.xtext.example.mydsl.parent\org.xtext.example.mydsl.ide\pom.xml.
2017-10-23 11:34:21,424 [Worker-52] INFO  o.e.m.c.i.l.LifecycleMappingFactory - Using DEFAULT lifecycle mapping for MavenProject: org.xtext.example.mydsl:org.xtext.example.mydsl.target:1.0.0-SNAPSHOT @ C:\Users\sritika\Documents\Research Project\Development\OntologyWeb\org.xtext.example.mydsl.parent\org.xtext.example.mydsl.target\pom.xml.
2017-10-23 11:34:21,903 [Worker-52] INFO  o.e.m.c.i.l.LifecycleMappingFactory - Using DEFAULT lifecycle mapping for MavenProject: org.xtext.example.mydsl:org.xtext.example.mydsl.ui:1.0.0-SNAPSHOT @ C:\Users\sritika\Documents\Research Project\Development\OntologyWeb\org.xtext.example.mydsl.parent\org.xtext.example.mydsl.ui\pom.xml.
2017-10-23 11:34:35,588 [Worker-52] INFO  o.e.m.c.i.e.AbstractTransferListenerAdapter - Downloading https://repo.maven.apache.org/maven2/org/eclipse/tycho/tycho-surefire-plugin/1.0.0/tycho-surefire-plugin-1.0.0.jar
2017-10-23 11:34:35,706 [Worker-52] INFO  o.e.m.c.i.e.AbstractTransferListenerAdapter - Downloaded https://repo.maven.apache.org/maven2/org/eclipse/tycho/tycho-surefire-plugin/1.0.0/tycho-surefire-plugin-1.0.0.jar
2017-10-23 11:34:36,375 [Worker-52] INFO  o.e.m.c.i.l.LifecycleMappingFactory - Using DEFAULT lifecycle mapping for MavenProject: org.xtext.example.mydsl:org.xtext.example.mydsl.ui.tests:1.0.0-SNAPSHOT @ C:\Users\sritika\Documents\Research Project\Development\OntologyWeb\org.xtext.example.mydsl.parent\org.xtext.example.mydsl.ui.tests\pom.xml.
2017-10-23 20:38:36,433 [Worker-4] INFO  c.g.t.t.d.PublishedGradleVersions - Gradle version information cache is up-to-date. Trying to read.
2017-10-24 09:59:48,643 [main] INFO  o.e.m2e.actions.ExecutePomAction - Creating new launch configuration
2017-11-16 07:31:45,293 [Worker-2] INFO  c.g.t.t.d.PublishedGradleVersions - Gradle version information cache is out-of-date. Trying to update.
2017-12-07 10:56:12,368 [Worker-4] INFO  c.g.t.t.d.PublishedGradleVersions - Gradle version information cache is up-to-date. Trying to read.
2017-12-11 10:14:50,296 [Worker-2] INFO  c.g.t.t.d.PublishedGradleVersions - Gradle version information cache is up-to-date. Trying to read.
2018-02-11 10:08:00,212 [Worker-5] INFO  c.g.t.t.d.PublishedGradleVersions - Gradle version information cache is up-to-date. Trying to read.
2018-02-14 08:50:25,456 [Worker-2] INFO  c.g.t.t.d.PublishedGradleVersions - Gradle version information cache is up-to-date. Trying to read.
